<?xml version="1.0" encoding="UTF-8"?>
<!-- Generated by org.testng.reporters.JUnitReportReporter -->
<testsuite hostname="lenovo-PC" name="upskill.api.restAssured.EmployeeRestAssuredActions" tests="1" failures="0" timestamp="8 Nov 2022 08:30:42 GMT" time="3.135" errors="0">
  <testcase name="getEmployeeDataById" time="3.135" classname="upskill.api.restAssured.EmployeeRestAssuredActions"/>
</testsuite> <!-- upskill.api.restAssured.EmployeeRestAssuredActions -->
